#
# There is insufficient memory for the Java Runtime Environment to continue.
# Native memory allocation (malloc) failed to allocate 1048576 bytes for AllocateHeap
# Possible reasons:
#   The system is out of physical RAM or swap space
#   The process is running with CompressedOops enabled, and the Java Heap may be blocking the growth of the native heap
# Possible solutions:
#   Reduce memory load on the system
#   Increase physical memory or swap space
#   Check if swap backing store is full
#   Decrease Java heap size (-Xmx/-Xms)
#   Decrease number of Java threads
#   Decrease Java thread stack sizes (-Xss)
#   Set larger code cache with -XX:ReservedCodeCacheSize=
#   JVM is running with Unscaled Compressed Oops mode in which the Java heap is
#     placed in the first 4GB address space. The Java Heap base address is the
#     maximum limit for the native heap growth. Please use -XX:HeapBaseMinAddress
#     to set the Java Heap base and to place the Java Heap above 4GB virtual address.
# This output file may be truncated or incomplete.
#
#  Out of Memory Error (allocation.cpp:44), pid=12264, tid=18368
#
# JRE version:  (20.0+36) (build )
# Java VM: Java HotSpot(TM) 64-Bit Server VM (20+36-2344, mixed mode, sharing, tiered, compressed oops, compressed class ptrs, g1 gc, windows-amd64)
# No core dump will be written. Minidumps are not enabled by default on client versions of Windows
#

---------------  S U M M A R Y ------------

Command Line: -Dclassworlds.conf=C:\Program Files\NetBeans-21\netbeans\java\maven\bin\m2.conf -Dmaven.home=C:\Program Files\NetBeans-21\netbeans\java\maven -Dlibrary.jansi.path=C:\Program Files\NetBeans-21\netbeans\java\maven\lib\jansi-native -Dmaven.multiModuleProjectDirectory=C:\Users\Dell\Documents\NetBeansProjects\UnivercityPlacementData org.codehaus.plexus.classworlds.launcher.Launcher -Dexec.vmArgs= -Dexec.args=${exec.vmArgs} -classpath %classpath ${exec.mainClass} ${exec.appArgs} -Dexec.executable=C:\Program Files\Java\jdk-20\bin\java.exe -Dexec.mainClass=com.davv.jdbc.ButtonEXMPL -Dexec.classpathScope=runtime -Dexec.appArgs= -Dmaven.ext.class.path=C:\Program Files\NetBeans-21\netbeans\java\maven-nblib\netbeans-eventspy.jar --no-transfer-progress process-classes org.codehaus.mojo:exec-maven-plugin:3.1.0:exec

Host: Intel(R) Core(TM) i3-5005U CPU @ 2.00GHz, 4 cores, 7G,  Windows 10 , 64 bit Build 19041 (10.0.19041.3636)
Time: Sun Apr 21 16:31:37 2024 India Standard Time elapsed time: 0.038449 seconds (0d 0h 0m 0s)

---------------  T H R E A D  ---------------

Current thread (0x00000161b3e35250):  JavaThread "Unknown thread" [_thread_in_vm, id=18368, stack(0x0000004466e00000,0x0000004466f00000)]

Stack: [0x0000004466e00000,0x0000004466f00000]
Native frames: (J=compiled Java code, j=interpreted, Vv=VM code, C=native code)
V  [jvm.dll+0x6bb95a]
V  [jvm.dll+0x8483aa]
V  [jvm.dll+0x849fa5]
V  [jvm.dll+0x84a6a3]
V  [jvm.dll+0x280b0f]
V  [jvm.dll+0xbcec5]
V  [jvm.dll+0x329165]
V  [jvm.dll+0x81103a]
V  [jvm.dll+0x3c0d91]
V  [jvm.dll+0x7fcd93]
V  [jvm.dll+0x44c76f]
V  [jvm.dll+0x44e0e1]
C  [jli.dll+0x5287]
C  [ucrtbase.dll+0x21bb2]
C  [KERNEL32.DLL+0x17344]
C  [ntdll.dll+0x526b1]


---------------  P R O C E S S  ---------------

Threads class SMR info:
_java_thread_list=0x00007ff94a87a098, length=0, elements={
}

Java Threads: ( => current thread )

Other Threads:

=>0x00000161b3e35250 (exited) JavaThread "Unknown thread" [_thread_in_vm, id=18368, stack(0x0000004466e00000,0x0000004466f00000)]

Threads with active compile tasks:

VM state: not at safepoint (not fully initialized)

VM Mutex/Monitor currently owned by a thread: None

Heap address: 0x0000000000000000, size: 0 MB, Compressed Oops mode: 32-bit

CDS archive(s) mapped at: [0x0000000000000000-0x0000000000000000-0x0000000000000000), size 0, SharedBaseAddress: 0x0000000800000000, ArchiveRelocationMode: 0.
Narrow klass base: 0x0000000000000000, Narrow klass shift: 0, Narrow klass range: 0x0

GC Precious Log:
 CardTable entry size: 512
 Card Set container configuration: InlinePtr #cards 5 size 8 Array Of Cards #cards 12 size 40 Howl #buckets 4 coarsen threshold 1843 Howl Bitmap #cards 512 size 80 coarsen threshold 460 Card regions per heap region 1 cards per card region 2048

GC Heap History (0 events):
No events

Dll operation events (1 events):
Event: 0.014 Loaded shared library C:\Program Files\Java\jdk-20\bin\java.dll

Deoptimization events (0 events):
No events

Classes loaded (0 events):
No events

Classes unloaded (0 events):
No events

Classes redefined (0 events):
No events

Internal exceptions (0 events):
No events

VM Operations (0 events):
No events

Events (0 events):
No events


Dynamic libraries:
0x00007ff668760000 - 0x00007ff668770000 	C:\Program Files\Java\jdk-20\bin\java.exe
0x00007ff98a870000 - 0x00007ff98aa68000 	C:\WINDOWS\SYSTEM32\ntdll.dll
0x00007ff989600000 - 0x00007ff9896bd000 	C:\WINDOWS\System32\KERNEL32.DLL
0x00007ff988280000 - 0x00007ff988576000 	C:\WINDOWS\System32\KERNELBASE.dll
0x00007ff988130000 - 0x00007ff988230000 	C:\WINDOWS\System32\ucrtbase.dll
0x00007ff97df70000 - 0x00007ff97df8b000 	C:\Program Files\Java\jdk-20\bin\VCRUNTIME140.dll
0x00007ff970e40000 - 0x00007ff970e59000 	C:\Program Files\Java\jdk-20\bin\jli.dll
0x00007ff988b20000 - 0x00007ff988bd3000 	C:\WINDOWS\System32\ADVAPI32.dll
0x00007ff988a80000 - 0x00007ff988b1e000 	C:\WINDOWS\System32\msvcrt.dll
0x00007ff98a1d0000 - 0x00007ff98a26f000 	C:\WINDOWS\System32\sechost.dll
0x00007ff98a2d0000 - 0x00007ff98a3f6000 	C:\WINDOWS\System32\RPCRT4.dll
0x00007ff987fe0000 - 0x00007ff988007000 	C:\WINDOWS\System32\bcrypt.dll
0x00007ff98a690000 - 0x00007ff98a82e000 	C:\WINDOWS\System32\USER32.dll
0x00007ff9887e0000 - 0x00007ff988802000 	C:\WINDOWS\System32\win32u.dll
0x00007ff97dfa0000 - 0x00007ff97e23a000 	C:\WINDOWS\WinSxS\amd64_microsoft.windows.common-controls_6595b64144ccf1df_6.0.19041.3636_none_60b6a03d71f818d5\COMCTL32.dll
0x00007ff98a400000 - 0x00007ff98a42b000 	C:\WINDOWS\System32\GDI32.dll
0x00007ff988010000 - 0x00007ff988127000 	C:\WINDOWS\System32\gdi32full.dll
0x00007ff988810000 - 0x00007ff9888ad000 	C:\WINDOWS\System32\msvcp_win.dll
0x00007ff981c50000 - 0x00007ff981c5a000 	C:\WINDOWS\SYSTEM32\VERSION.dll
0x00007ff989830000 - 0x00007ff989862000 	C:\WINDOWS\System32\IMM32.DLL
0x00007ff97da20000 - 0x00007ff97da2c000 	C:\Program Files\Java\jdk-20\bin\vcruntime140_1.dll
0x00007ff96ebb0000 - 0x00007ff96ec3e000 	C:\Program Files\Java\jdk-20\bin\msvcp140.dll
0x00007ff949d20000 - 0x00007ff94a9b7000 	C:\Program Files\Java\jdk-20\bin\server\jvm.dll
0x00007ff978660000 - 0x00007ff978687000 	C:\WINDOWS\SYSTEM32\WINMM.dll
0x00007ff982eb0000 - 0x00007ff982eb9000 	C:\WINDOWS\SYSTEM32\WSOCK32.dll
0x00007ff989870000 - 0x00007ff9898db000 	C:\WINDOWS\System32\WS2_32.dll
0x00007ff985de0000 - 0x00007ff985df2000 	C:\WINDOWS\SYSTEM32\kernel.appcore.dll
0x00007ff97d9c0000 - 0x00007ff97d9ca000 	C:\Program Files\Java\jdk-20\bin\jimage.dll
0x00007ff97f6c0000 - 0x00007ff97f8a4000 	C:\WINDOWS\SYSTEM32\DBGHELP.DLL
0x00007ff97f650000 - 0x00007ff97f684000 	C:\WINDOWS\SYSTEM32\dbgcore.DLL
0x00007ff988580000 - 0x00007ff988602000 	C:\WINDOWS\System32\bcryptPrimitives.dll
0x00007ff979250000 - 0x00007ff979276000 	C:\Program Files\Java\jdk-20\bin\java.dll

dbghelp: loaded successfully - version: 4.0.5 - missing functions: none
symbol engine: initialized successfully - sym options: 0x614 - pdb path: .;C:\Program Files\Java\jdk-20\bin;C:\WINDOWS\SYSTEM32;C:\WINDOWS\WinSxS\amd64_microsoft.windows.common-controls_6595b64144ccf1df_6.0.19041.3636_none_60b6a03d71f818d5;C:\Program Files\Java\jdk-20\bin\server

VM Arguments:
jvm_args: -Dclassworlds.conf=C:\Program Files\NetBeans-21\netbeans\java\maven\bin\m2.conf -Dmaven.home=C:\Program Files\NetBeans-21\netbeans\java\maven -Dlibrary.jansi.path=C:\Program Files\NetBeans-21\netbeans\java\maven\lib\jansi-native -Dmaven.multiModuleProjectDirectory=C:\Users\Dell\Documents\NetBeansProjects\UnivercityPlacementData 
java_command: org.codehaus.plexus.classworlds.launcher.Launcher -Dexec.vmArgs= -Dexec.args=${exec.vmArgs} -classpath %classpath ${exec.mainClass} ${exec.appArgs} -Dexec.executable=C:\Program Files\Java\jdk-20\bin\java.exe -Dexec.mainClass=com.davv.jdbc.ButtonEXMPL -Dexec.classpathScope=runtime -Dexec.appArgs= -Dmaven.ext.class.path=C:\Program Files\NetBeans-21\netbeans\java\maven-nblib\netbeans-eventspy.jar --no-transfer-progress process-classes org.codehaus.mojo:exec-maven-plugin:3.1.0:exec
java_class_path (initial): C:\Program Files\NetBeans-21\netbeans\java\maven\boot\plexus-classworlds-2.7.0.jar
Launcher Type: SUN_STANDARD

[Global flags]
     intx CICompilerCount                          = 3                                         {product} {ergonomic}
     uint ConcGCThreads                            = 1                                         {product} {ergonomic}
     uint G1ConcRefinementThreads                  = 4                                         {product} {ergonomic}
   size_t G1HeapRegionSize                         = 1048576                                   {product} {ergonomic}
    uintx GCDrainStackTargetSize                   = 64                                        {product} {ergonomic}
   size_t InitialHeapSize                          = 134217728                                 {product} {ergonomic}
   size_t MarkStackSize                            = 4194304                                   {product} {ergonomic}
   size_t MaxHeapSize                              = 2124414976                                {product} {ergonomic}
   size_t MinHeapDeltaBytes                        = 1048576                                   {product} {ergonomic}
   size_t MinHeapSize                              = 8388608                                   {product} {ergonomic}
    uintx NonNMethodCodeHeapSize                   = 5832780                                {pd product} {ergonomic}
    uintx NonProfiledCodeHeapSize                  = 122912730                              {pd product} {ergonomic}
    uintx ProfiledCodeHeapSize                     = 122912730                              {pd product} {ergonomic}
    uintx ReservedCodeCacheSize                    = 251658240                              {pd product} {ergonomic}
     bool SegmentedCodeCache                       = true                                      {product} {ergonomic}
   size_t SoftMaxHeapSize                          = 2124414976                             {manageable} {ergonomic}
     bool UseCompressedClassPointers               = true                           {product lp64_product} {ergonomic}
     bool UseCompressedOops                        = true                           {product lp64_product} {ergonomic}
     bool UseG1GC                                  = true                                      {product} {ergonomic}
     bool UseLargePagesIndividualAllocation        = false                                  {pd product} {ergonomic}

Logging:
Log output configuration:
 #0: stdout all=warning uptime,level,tags foldmultilines=false
 #1: stderr all=off uptime,level,tags foldmultilines=false

Environment Variables:
JAVA_HOME=C:\Program Files\Java\jdk-20
PATH=C:\Python312\Scripts\;C:\Python312\;C:\oraclexe\app\oracle\product\10.2.0\server\bin;C:\Program Files\Common Files\Oracle\Java\javapath;c:\program fiels\jdk-17bin;C:\WINDOWS;C:\WINDOWS\System32\Wbem;C:\WINDOWS\System32\WindowsPowerShell\v1.0\;C:\WINDOWS\System32\OpenSSH\;C:\MinGW\bin;C:\Program Files\Java\jdk-17\bin;C:\Program Files\Java\jdk-17;C:\Program Files\Java\jdk-17;C:\Program Files\Java\jdk-17\bin;C:\Program Files\Java\jdk-17\bin;C:\Program Files\MySQL\MySQL Shell 8.0\bin\;C:\Users\Dell\AppData\Local\Microsoft\WindowsApps;C:\Users\Dell\AppData\Local\Programs\Microsoft VS Code\bin;C:\Users\Dell\AppData\Local\GitHubDesktop\bin
USERNAME=Dell
OS=Windows_NT
PROCESSOR_IDENTIFIER=Intel64 Family 6 Model 61 Stepping 4, GenuineIntel
TMP=C:\Users\Dell\AppData\Local\Temp
TEMP=C:\Users\Dell\AppData\Local\Temp




---------------  S Y S T E M  ---------------

OS:
 Windows 10 , 64 bit Build 19041 (10.0.19041.3636)
OS uptime: 40 days 17:14 hours

CPU: total 4 (initial active 4) (2 cores per cpu, 2 threads per core) family 6 model 61 stepping 4 microcode 0x2d, cx8, cmov, fxsr, ht, mmx, 3dnowpref, sse, sse2, sse3, ssse3, sse4.1, sse4.2, popcnt, lzcnt, tsc, tscinvbit, avx, avx2, aes, erms, clmul, bmi1, bmi2, adx, fma, vzeroupper, clflush, rdtscp, f16c

Memory: 4k page, system-wide physical 8101M (542M free)
TotalPageFile size 20272M (AvailPageFile size 5M)
current process WorkingSet (physical memory assigned to process): 9M, peak: 9M
current process commit charge ("private bytes"): 11M, peak: 12M

vm_info: Java HotSpot(TM) 64-Bit Server VM (20+36-2344) for windows-amd64 JRE (20+36-2344), built on 2023-02-10T19:30:15Z by "mach5one" with MS VC++ 17.1 (VS2022)

END.
